\BOOKMARK [1][-]{section.1}{\376\377\213\376\172\013\173\200\116\313}{}% 1
\BOOKMARK [1][-]{section.2}{\376\377\145\271\172\013\166\204\136\372\172\313\116\016\133\232\211\343\147\141\116\366}{}% 2
\BOOKMARK [2][-]{subsection.2.1}{\376\377\215\050\221\317\133\210\140\122\116\016\217\336\176\355\140\047\145\271\172\013}{section.2}% 3
\BOOKMARK [2][-]{subsection.2.2}{\376\377\122\250\221\317\133\210\140\122\116\016\137\046\143\057\122\250\145\271\172\013}{section.2}% 4
\BOOKMARK [2][-]{subsection.2.3}{\376\377\200\375\221\317\133\210\140\122\116\016\160\355\117\040\133\374\145\271\172\013}{section.2}% 5
\BOOKMARK [2][-]{subsection.2.4}{\376\377\147\201\134\017\146\362\227\142\123\312\123\330\122\006\225\356\230\230}{section.2}% 6
\BOOKMARK [1][-]{section.3}{\376\377\154\342\122\250\145\271\172\013}{}% 7
\BOOKMARK [2][-]{subsection.3.1}{\376\377\116\000\226\066\120\117\137\256\122\006\145\271\172\013\166\204\162\171\137\201\176\277\145\271\154\325}{section.3}% 8
\BOOKMARK [2][-]{subsection.3.2}{\376\377\227\136\237\120\153\041\145\271\172\013\166\204\211\343\154\325\000\040\000-\000\040\000D\000u\000h\000a\000m\000e\000l\123\237\164\006}{section.3}% 9
\BOOKMARK [2][-]{subsection.3.3}{\376\377\116\000\202\054\176\364\145\160\154\342\122\250\145\271\172\013\000C\000a\000u\000c\000h\000y\225\356\230\230\166\204\211\343\154\325}{section.3}% 10
\BOOKMARK [2][-]{subsection.3.4}{\376\377\000T\000a\000y\000l\000o\000r\137\046\143\057\122\250\145\271\172\013\166\204\211\343\154\325}{section.3}% 11
\BOOKMARK [2][-]{subsection.3.5}{\376\377\154\342\166\204\117\040\144\255}{section.3}% 12
\BOOKMARK [2][-]{subsection.3.6}{\376\377\154\342\145\271\172\013\166\204\125\057\116\000\140\047\124\214\172\063\133\232\140\047}{section.3}% 13
\BOOKMARK [3][-]{subsubsection.3.6.1}{\376\377\000G\000r\000o\000n\000w\000a\000l\000l\116\015\173\111\137\017}{subsection.3.6}% 14
\BOOKMARK [3][-]{subsubsection.3.6.2}{\376\377\200\375\221\317\145\271\154\325}{subsection.3.6}% 15
\BOOKMARK [2][-]{subsection.3.7}{\376\377\123\112\145\340\165\114\225\356\230\230\166\204\211\343\154\325}{section.3}% 16
\BOOKMARK [2][-]{subsection.3.8}{\376\377\232\330\176\364\154\342\122\250\145\271\172\013\166\204\211\343\154\325}{section.3}% 17
\BOOKMARK [3][-]{subsubsection.3.8.1}{\376\377\164\003\227\142\136\163\127\107\154\325\377\014\000n\000=\0003\116\072\117\213}{subsection.3.8}% 18
\BOOKMARK [3][-]{subsubsection.3.8.2}{\376\377\226\115\176\364\154\325\377\014\116\345\000n\000=\0002\116\072\117\213}{subsection.3.8}% 19
\BOOKMARK [2][-]{subsection.3.9}{\376\377\000S\000t\000u\000r\000m\000-\000L\000i\000o\000u\000v\000i\000l\000l\000e\225\356\230\230}{section.3}% 20
\BOOKMARK [3][-]{subsubsection.3.9.1}{\376\377\225\356\230\230\166\204\143\320\121\372}{subsection.3.9}% 21
\BOOKMARK [3][-]{subsubsection.3.9.2}{\376\377\147\011\211\343\166\204\137\305\211\201\147\141\116\366}{subsection.3.9}% 22
\BOOKMARK [3][-]{subsubsection.3.9.3}{\376\377\116\000\116\233\176\323\213\272}{subsection.3.9}% 23
\BOOKMARK [3][-]{subsubsection.3.9.4}{\376\377\133\232\164\006\000\050\0003\000.\0001\0008\000\051}{subsection.3.9}% 24
\BOOKMARK [2][-]{subsection.3.10}{\376\377\122\035\217\271\120\074\225\356\230\230\166\204\154\102\211\343}{section.3}% 25
\BOOKMARK [3][-]{subsubsection.3.10.1}{\376\377\122\035\217\271\120\074\225\356\230\230}{subsection.3.10}% 26
\BOOKMARK [2][-]{subsection.3.11}{\376\377\122\035\217\271\120\074\225\356\230\230\211\343\166\204\125\057\116\000\140\047}{section.3}% 27
\BOOKMARK [3][-]{subsubsection.3.11.1}{\376\377\200\375\221\317\133\210\140\122}{subsection.3.11}% 28
\BOOKMARK [3][-]{subsubsection.3.11.2}{\376\377\200\375\221\317\145\271\154\325}{subsection.3.11}% 29
\BOOKMARK [2][-]{subsection.3.12}{\376\377\136\177\116\111\211\343}{section.3}% 30
\BOOKMARK [3][-]{subsubsection.3.12.1}{\376\377\136\177\116\111\377\010\137\061\377\011\133\374\145\160}{subsection.3.12}% 31
\BOOKMARK [3][-]{subsubsection.3.12.2}{\376\377\136\177\116\111\211\343\116\076\117\213}{subsection.3.12}% 32
\BOOKMARK [1][-]{section.4}{\376\377\160\355\145\271\172\013}{}% 33
\BOOKMARK [2][-]{subsection.4.1}{\376\377\000F\000o\000u\000r\000i\000e\000r\123\330\143\142}{section.4}% 34
\BOOKMARK [3][-]{subsubsection.4.1.1}{\376\377\133\232\116\111}{subsection.4.1}% 35
\BOOKMARK [3][-]{subsubsection.4.1.2}{\376\377\140\047\215\050}{subsection.4.1}% 36
\BOOKMARK [2][-]{subsection.4.2}{\376\377\000P\000o\000i\000s\000s\000o\000n\121\154\137\017}{section.4}% 37
\BOOKMARK [3][-]{subsubsection.4.2.1}{\376\377\000P\000o\000i\000s\000s\000o\000n\121\154\137\017\166\204\143\250\133\374}{subsection.4.2}% 38
\BOOKMARK [3][-]{subsubsection.4.2.2}{\376\377\000P\000o\000i\000s\000s\000o\000n\150\070\121\375\145\160\166\204\140\047\215\050}{subsection.4.2}% 39
\BOOKMARK [3][-]{subsubsection.4.2.3}{\376\377\000P\000o\000i\000s\000s\000o\000n\121\154\137\017\166\204\213\301\146\016}{subsection.4.2}% 40
\BOOKMARK [2][-]{subsection.4.3}{\376\377\136\177\116\111\121\375\145\160}{section.4}% 41
\BOOKMARK [3][-]{subsubsection.4.3.1}{\376\377\136\177\116\111\121\375\145\160\166\204\133\232\116\111}{subsection.4.3}% 42
\BOOKMARK [3][-]{subsubsection.4.3.2}{\376\377\136\177\116\111\121\375\145\160\166\204\217\320\173\227}{subsection.4.3}% 43
\BOOKMARK [3][-]{subsubsection.4.3.3}{\376\377\136\177\116\111\121\375\145\160\166\204\133\374\145\160}{subsection.4.3}% 44
\BOOKMARK [2][-]{subsection.4.4}{\376\377\160\355\145\271\172\013\166\204\127\372\147\054\211\343}{section.4}% 45
\BOOKMARK [2][-]{subsection.4.5}{\376\377\123\112\172\172\225\364\166\204\211\343}{section.4}% 46
\BOOKMARK [2][-]{subsection.4.6}{\376\377\122\035\217\271\120\074\225\356\230\230\166\204\211\343\154\325}{section.4}% 47
\BOOKMARK [3][-]{subsubsection.4.6.1}{\376\377\116\000\176\364\140\305\121\265}{subsection.4.6}% 48
\BOOKMARK [3][-]{subsubsection.4.6.2}{\376\377\232\330\176\364\140\305\121\265}{subsection.4.6}% 49
\BOOKMARK [3][-]{subsubsection.4.6.3}{\376\377\145\340\172\167\210\160\121\317\140\047\215\050}{subsection.4.6}% 50
\BOOKMARK [3][-]{subsubsection.4.6.4}{\376\377\232\214\213\301\133\232\137\213}{subsection.4.6}% 51
\BOOKMARK [2][-]{subsection.4.7}{\376\377\147\201\120\074\123\237\164\006\124\214\147\000\131\047\152\041\117\060\213\241}{section.4}% 52
\BOOKMARK [3][-]{subsubsection.4.7.1}{\376\377\122\035\217\271\120\074\225\356\230\230}{subsection.4.7}% 53
\BOOKMARK [3][-]{subsubsection.4.7.2}{\376\377\160\355\164\003}{subsection.4.7}% 54
\BOOKMARK [3][-]{subsubsection.4.7.3}{\376\377\136\163\127\107\120\074\133\232\164\006}{subsection.4.7}% 55
\BOOKMARK [3][-]{subsubsection.4.7.4}{\376\377\147\201\120\074\123\237\164\006\000\040\000r\000e\000v\000i\000s\000i\000t}{subsection.4.7}% 56
\BOOKMARK [3][-]{subsubsection.4.7.5}{\376\377\147\000\131\047\152\041\117\060\213\241}{subsection.4.7}% 57
\BOOKMARK [2][-]{subsection.4.8}{\376\377\147\357\211\177\225\356\230\230}{section.4}% 58
\BOOKMARK [2][-]{subsection.4.9}{\376\377\200\375\221\317\117\060\213\241\123\312\121\166\143\250\213\272}{section.4}% 59
\BOOKMARK [3][-]{subsubsection.4.9.1}{\376\377\122\035\217\271\120\074\225\356\230\230\377\032\000R\000n\116\072\147\011\165\114\137\000\226\306}{subsection.4.9}% 60
\BOOKMARK [3][-]{subsubsection.4.9.2}{\376\377\000C\000a\000u\000c\000h\000y\225\356\230\230\377\032\000Q\000\040\000=\000\040\000R\000n\000\040\000\050\0000\000,\000T\000]}{subsection.4.9}% 61
\BOOKMARK [1][-]{section.5}{\376\377\000P\000o\000i\000s\000s\000o\000n\145\271\172\013}{}% 62
\BOOKMARK [2][-]{subsection.5.1}{\376\377\127\372\147\054\211\343}{section.5}% 63
\BOOKMARK [3][-]{subsubsection.5.1.1}{\376\377\133\232\116\111}{subsection.5.1}% 64
\BOOKMARK [3][-]{subsubsection.5.1.2}{\376\377\137\142\137\017\143\250\133\374}{subsection.5.1}% 65
\BOOKMARK [3][-]{subsubsection.5.1.3}{\376\377\127\372\147\054\211\343\166\204\116\045\150\074\213\301\146\016}{subsection.5.1}% 66
\BOOKMARK [3][-]{subsubsection.5.1.4}{\376\377\000N\000e\000w\000m\000a\000n\225\356\230\230\147\011\211\343\166\204\137\305\211\201\147\141\116\366}{subsection.5.1}% 67
\BOOKMARK [2][-]{subsection.5.2}{\376\377\000G\000r\000e\000e\000n\121\375\145\160}{section.5}% 68
\BOOKMARK [3][-]{subsubsection.5.2.1}{\376\377\000D\000i\000r\000i\000c\000h\000l\000e\000t\225\356\230\230}{subsection.5.2}% 69
\BOOKMARK [3][-]{subsubsection.5.2.2}{\376\377\000N\000e\000w\000m\000a\000n\225\356\230\230}{subsection.5.2}% 70
\BOOKMARK [3][-]{subsubsection.5.2.3}{\376\377\155\367\124\010\225\356\230\230}{subsection.5.2}% 71
\BOOKMARK [3][-]{subsubsection.5.2.4}{\376\377\000G\000r\000e\000e\000n\121\375\145\160\166\204\140\047\215\050}{subsection.5.2}% 72
\BOOKMARK [3][-]{subsubsection.5.2.5}{\376\377\123\112\172\172\225\364\116\055\166\204\000G\000r\000e\000e\000n\121\375\145\160}{subsection.5.2}% 73
\BOOKMARK [3][-]{subsubsection.5.2.6}{\376\377\164\003\137\142\123\072\127\337\166\204\000G\000r\000e\000e\000n\121\375\145\160}{subsection.5.2}% 74
\BOOKMARK [2][-]{subsection.5.3}{\376\377\147\201\120\074\123\237\164\006\116\016\147\000\131\047\152\041\117\060\213\241\000\050\000E\000.\000\040\000H\000o\000p\000f\000\051}{section.5}% 75
\BOOKMARK [3][-]{subsubsection.5.3.1}{\376\377\147\201\120\074\123\237\164\006}{subsection.5.3}% 76
\BOOKMARK [3][-]{subsubsection.5.3.2}{\376\377\147\201\120\074\123\237\164\006\116\113\143\250\213\272}{subsection.5.3}% 77
\BOOKMARK [3][-]{subsubsection.5.3.3}{\376\377\147\000\131\047\152\041\117\060\213\241}{subsection.5.3}% 78
\BOOKMARK [2][-]{subsection.5.4}{\376\377\200\375\221\317\117\060\213\241}{section.5}% 79
\BOOKMARK [1][-]{section.6}{\376\377\000H\000o\000m\000e\000w\000o\000r\000k}{}% 80
